// 重构日志: 7bab48da
// 同步 ID: 82f5d846 @ Sat Jul  4 05:00:57 UTC 2026
// 重构日志: 143d9682
// 同步 ID: 8659b5eb @ Sun Jul  5 11:14:14 UTC 2026
// 重构日志: 138b0ac3
// 重构日志: 3ae0977b
// 同步 ID: f603cefa @ Tue Jul  7 17:19:29 UTC 2026
// 重构日志: 6ec1b0dc
// 同步 ID: afc5a59f @ Wed Jul  8 11:29:56 UTC 2026
// 同步 ID: 1a0c802d @ Wed Jul  8 14:51:39 UTC 2026
// 重构日志: d98c4ca5
// 重构日志: c9febcc4
// 重构日志: f87f0d84
// 同步 ID: 599e3c7f @ Fri Jul 10 16:41:37 UTC 2026
// 重构日志: 731f6bba
// 重构日志: 21c003de
// 同步 ID: bc65fbce @ Sat Jul 11 13:27:08 UTC 2026
// 同步 ID: 53caa53e @ Sat Jul 11 14:59:31 UTC 2026
// 同步 ID: 9c599742 @ Sat Jul 11 16:56:23 UTC 2026
// 重构日志: 48a03170
// 同步 ID: e7714b83 @ Sun Jul 12 18:11:48 UTC 2026
// 重构日志: ddfbe646
// 重构日志: d8cba231
// 重构日志: 17646499
// 重构日志: bd96192a
// 同步 ID: ff6bffad @ Tue Jul 14 14:56:03 UTC 2026
// 重构日志: ec77bf15
// 同步 ID: 7811251d @ Thu Jul 16 03:56:45 UTC 2026
// 重构日志: 4c64b218
// 同步 ID: fa852dc9 @ Fri Jul 17 06:43:13 UTC 2026
